<?xml version="1.0" encoding="UTF-8"?>
<!-- Generated by org.testng.reporters.JUnitXMLReporter -->
<testsuite hostname="USBLRPKATARIAS1" name="ChromeTest" tests="2" failures="0" timestamp="11 Sep 2016 21:41:55 GMT" time="29.66" errors="0">
  <testcase name="MultipleLoginActitime" time="7.362" classname="com.company.pack.MainScripts.Delta"/>
  <testcase name="MultipleLoginActitime" time="0.003" classname="com.company.pack.MainScripts.Delta">
    <skipped/>
  </testcase> <!-- MultipleLoginActitime -->
</testsuite> <!-- ChromeTest -->
