<?xml version="1.0" encoding="UTF-8"?>
<!-- Generated by org.testng.reporters.JUnitXMLReporter -->
<testsuite hostname="USBLRPKATARIAS1" name="FirefoxTest" tests="2" failures="0" timestamp="11 Sep 2016 21:41:57 GMT" time="31.433" errors="0">
  <testcase name="MultipleLoginActitime" time="8.509" classname="com.company.pack.MainScripts.Delta"/>
  <testcase name="MultipleLoginActitime" time="0.001" classname="com.company.pack.MainScripts.Delta">
    <skipped/>
  </testcase> <!-- MultipleLoginActitime -->
</testsuite> <!-- FirefoxTest -->
